0 silly input [ 'go-js' ]
1 silly flags { _: [ 'add' ],
1 silly flags   'reject-cycles': false,
1 silly flags   rejectCycles: false,
1 silly flags   scope: 'react-live',
1 silly flags   dev: true,
1 silly flags   _onRejected: [Function: _onRejected],
1 silly flags   args: [ 'go-js' ] }
2 verbose rootPath /Users/yucong02/self/tiny-i18n
3 info version 2.7.1
4 silly isInitialized
5 silly isInitialized true
6 silly existsSync /Users/yucong02/self/tiny-i18n/VERSION
7 info scope react-live
8 error EPACKAGES Errored while collecting packages and package graph
9 error Error: No packages found that match scope 'react-live'
9 error     at Function.filterPackages (/Users/yucong02/.nvm/versions/node/v9.2.0/lib/node_modules/lerna/lib/PackageUtilities.js:226:17)
9 error     at AddCommand.runPreparations (/Users/yucong02/.nvm/versions/node/v9.2.0/lib/node_modules/lerna/lib/Command.js:321:60)
9 error     at /Users/yucong02/.nvm/versions/node/v9.2.0/lib/node_modules/lerna/lib/Command.js:205:18
9 error     at new Promise (<anonymous>)
9 error     at AddCommand.run (/Users/yucong02/.nvm/versions/node/v9.2.0/lib/node_modules/lerna/lib/Command.js:190:14)
9 error     at Object.handler (/Users/yucong02/.nvm/versions/node/v9.2.0/lib/node_modules/lerna/lib/commands/AddCommand.js:77:14)
9 error     at Object.self.runCommand (/Users/yucong02/.nvm/versions/node/v9.2.0/lib/node_modules/lerna/node_modules/yargs/lib/command.js:233:22)
9 error     at Object.Yargs.self._parseArgs (/Users/yucong02/.nvm/versions/node/v9.2.0/lib/node_modules/lerna/node_modules/yargs/yargs.js:990:30)
9 error     at Object.Yargs.self.parse (/Users/yucong02/.nvm/versions/node/v9.2.0/lib/node_modules/lerna/node_modules/yargs/yargs.js:532:23)
